<?xml version="1.0" encoding="UTF-8"?>
<!-- Generated by org.testng.reporters.JUnitReportReporter -->
<testsuite skipped="0" hostname="nayeem" name="com.planetnexus.testrunner.TestRunnerNG" tests="1" failures="0" timestamp="26 Dec 2017 23:35:19 GMT" time="11.360" errors="0">
  <testcase name="feature" time="11.360" classname="com.planetnexus.testrunner.TestRunnerNG"/>
</testsuite> <!-- com.planetnexus.testrunner.TestRunnerNG -->
