<?xml version="1.0" encoding="UTF-8"?>
<!-- Generated by org.testng.reporters.JUnitReportReporter -->
<testsuite skipped="0" hostname="nayeem" name="com.planetnexus.testrunner.TestRunnerNG" tests="1" failures="0" timestamp="28 Dec 2017 21:24:07 GMT" time="12.227" errors="0">
  <testcase name="feature" time="12.227" classname="com.planetnexus.testrunner.TestRunnerNG"/>
</testsuite> <!-- com.planetnexus.testrunner.TestRunnerNG -->
